  main.cpp
E:\sac2022\CMPR 131-repo\CMPR131-Group-Work\Projects\main\Assignment2\EmployeeList.h(114,1): warning C4102: 'std': unreferenced label
E:\sac2022\CMPR 131-repo\CMPR131-Group-Work\Projects\main\Assignment2\EmployeeList.h(393,20): warning C4102: 'std': unreferenced label
E:\sac2022\CMPR 131-repo\CMPR131-Group-Work\Projects\main\Assignment2\EmployeeList.h(467,20): warning C4477: 'printf' : format string '%s' requires an argument of type 'char *', but variadic argument 1 has type 'std::string'
E:\sac2022\CMPR 131-repo\CMPR131-Group-Work\Projects\main\Assignment2\EmployeeList.h(468,20): warning C4477: 'printf' : format string '%s' requires an argument of type 'char *', but variadic argument 1 has type 'std::string'
E:\sac2022\CMPR 131-repo\CMPR131-Group-Work\Projects\main\Assignment2\EmployeeList.h(469,20): warning C4477: 'printf' : format string '%s' requires an argument of type 'char *', but variadic argument 1 has type 'std::string'
E:\sac2022\CMPR 131-repo\CMPR131-Group-Work\Projects\main\Assignment2\EmployeeList.h(470,20): warning C4477: 'printf' : format string '%s' requires an argument of type 'char *', but variadic argument 1 has type 'std::string'
E:\sac2022\CMPR 131-repo\CMPR131-Group-Work\Projects\main\Assignment2\EmployeeList.h(471,20): warning C4477: 'printf' : format string '%s' requires an argument of type 'char *', but variadic argument 1 has type 'std::string'
E:\sac2022\CMPR 131-repo\CMPR131-Group-Work\Projects\main\Assignment2\EmployeeList.h(508,24): warning C4477: 'printf' : format string '%s' requires an argument of type 'char *', but variadic argument 1 has type 'std::string'
E:\sac2022\CMPR 131-repo\CMPR131-Group-Work\Projects\main\Assignment2\EmployeeList.h(509,24): warning C4477: 'printf' : format string '%s' requires an argument of type 'char *', but variadic argument 1 has type 'std::string'
E:\sac2022\CMPR 131-repo\CMPR131-Group-Work\Projects\main\Assignment2\EmployeeList.h(510,24): warning C4477: 'printf' : format string '%s' requires an argument of type 'char *', but variadic argument 1 has type 'std::string'
E:\sac2022\CMPR 131-repo\CMPR131-Group-Work\Projects\main\Assignment2\EmployeeList.h(511,24): warning C4477: 'printf' : format string '%s' requires an argument of type 'char *', but variadic argument 1 has type 'std::string'
E:\sac2022\CMPR 131-repo\CMPR131-Group-Work\Projects\main\Assignment2\EmployeeList.h(512,24): warning C4477: 'printf' : format string '%s' requires an argument of type 'char *', but variadic argument 1 has type 'std::string'
E:\sac2022\CMPR 131-repo\CMPR131-Group-Work\Projects\main\Assignment2\EmployeeList.h(440,8): warning C4102: 'std': unreferenced label
E:\sac2022\CMPR 131-repo\CMPR131-Group-Work\Projects\main\Assignment2\EmployeeList.h(663,8): warning C4102: 'std': unreferenced label
  Generating code
  9 of 359 functions ( 2.5%) were compiled, the rest were copied from previous compilation.
    0 functions were new in current compilation
    41 functions had inline decision re-evaluated but remain unchanged
  Finished generating code
  Assignment2.vcxproj -> E:\sac2022\CMPR 131-repo\CMPR131-Group-Work\Projects\main\Assignment2\x64\Release\Assignment2.exe
