  main.cpp
E:\sac2022\CMPR 131-repo\CMPR131-Group-Work\Projects\main\Assignment2\input.h(120,20): warning C4018: '<': signed/unsigned mismatch
E:\sac2022\CMPR 131-repo\CMPR131-Group-Work\Projects\main\Assignment2\input.h(392,22): warning C4018: '<': signed/unsigned mismatch
E:\sac2022\CMPR 131-repo\CMPR131-Group-Work\Projects\main\Assignment2\EmployeeList.h(120,1): warning C4102: 'std': unreferenced label
E:\sac2022\CMPR 131-repo\CMPR131-Group-Work\Projects\main\Assignment2\EmployeeList.h(412,20): warning C4102: 'std': unreferenced label
E:\sac2022\CMPR 131-repo\CMPR131-Group-Work\Projects\main\Assignment2\EmployeeList.h(458,8): warning C4102: 'std': unreferenced label
E:\sac2022\CMPR 131-repo\CMPR131-Group-Work\Projects\main\Assignment2\EmployeeList.h(682,8): warning C4102: 'std': unreferenced label
E:\sac2022\CMPR 131-repo\CMPR131-Group-Work\Projects\main\Assignment2\Pseudorandom.h(133,12): warning C4244: 'argument': conversion from 'time_t' to 'unsigned int', possible loss of data
E:\sac2022\CMPR 131-repo\CMPR131-Group-Work\Projects\main\Assignment2\myContainers.h(680,23): warning C4018: '<': signed/unsigned mismatch
E:\sac2022\CMPR 131-repo\CMPR131-Group-Work\Projects\main\Assignment2\myContainers.h(664): message : while compiling class template member function 'T &LinkTList<T>::operator [](size_t) const'
          with
          [
              T=Employee
          ]
E:\sac2022\CMPR 131-repo\CMPR131-Group-Work\Projects\main\Assignment2\EmployeeList.h(303): message : see reference to function template instantiation 'T &LinkTList<T>::operator [](size_t) const' being compiled
          with
          [
              T=Employee
          ]
E:\sac2022\CMPR 131-repo\CMPR131-Group-Work\Projects\main\Assignment2\EmployeeList.h(301): message : see reference to class template instantiation 'LinkTList<Employee>' being compiled
E:\sac2022\CMPR 131-repo\CMPR131-Group-Work\Projects\main\Assignment2\myContainers.h(619,22): warning C4018: '<': signed/unsigned mismatch
E:\sac2022\CMPR 131-repo\CMPR131-Group-Work\Projects\main\Assignment2\myContainers.h(602): message : while compiling class template member function 'T LinkTList<T>::getPos(size_t) const'
          with
          [
              T=Employee
          ]
E:\sac2022\CMPR 131-repo\CMPR131-Group-Work\Projects\main\Assignment2\EmployeeList.h(614): message : see reference to function template instantiation 'T LinkTList<T>::getPos(size_t) const' being compiled
          with
          [
              T=Employee
          ]
  Generating code
  13 of 345 functions ( 3.8%) were compiled, the rest were copied from previous compilation.
    6 functions were new in current compilation
    5 functions had inline decision re-evaluated but remain unchanged
  Finished generating code
  Assignment2.vcxproj -> E:\sac2022\CMPR 131-repo\CMPR131-Group-Work\Projects\main\Assignment2\Release\Assignment2.exe
