c:\users\itzro\desktop\cmpr 131\github code\cmpr131-group-work\projects\main\assignment13\assignment13\assignment13\debug\vc142.pdb
c:\users\itzro\desktop\cmpr 131\github code\cmpr131-group-work\projects\main\assignment13\assignment13\assignment13\debug\vc142.idb
c:\users\itzro\desktop\cmpr 131\github code\cmpr131-group-work\projects\main\assignment13\assignment13\assignment13\debug\main.obj
c:\users\itzro\desktop\cmpr 131\github code\cmpr131-group-work\projects\main\assignment13\assignment13\debug\assignment13.exe
c:\users\itzro\desktop\cmpr 131\github code\cmpr131-group-work\projects\main\assignment13\assignment13\debug\assignment13.ilk
c:\users\itzro\desktop\cmpr 131\github code\cmpr131-group-work\projects\main\assignment13\assignment13\debug\assignment13.pdb
c:\users\itz\desktop\cmpr 131\gitfolder\cmpr131-group-work\projects\main\assignment13\assignment13\assignment13\debug\main.obj
c:\users\itz\desktop\cmpr 131\gitfolder\cmpr131-group-work\projects\main\assignment13\assignment13\assignment13\debug\assignment13.ilk
c:\users\itz\desktop\cmpr 131\gitfolder\cmpr131-group-work\projects\main\assignment13\assignment13\assignment13\debug\vc142.idb
c:\users\itz\desktop\cmpr 131\gitfolder\cmpr131-group-work\projects\main\assignment13\assignment13\assignment13\debug\vc142.pdb
c:\users\itz\desktop\cmpr 131\gitfolder\cmpr131-group-work\projects\main\assignment13\assignment13\debug\assignment13.pdb
c:\users\itz\desktop\cmpr 131\gitfolder\cmpr131-group-work\projects\main\assignment13\assignment13\debug\assignment13.exe
c:\users\itz\desktop\cmpr 131\gitfolder\cmpr131-group-work\projects\main\assignment13\assignment13\debug\assignment13.ilk
c:\users\itz\desktop\cmpr 131\gitfolder\cmpr131-group-work\projects\main\assignment13\assignment13\assignment13\debug\assignment13.tlog\cl.command.1.tlog
c:\users\itz\desktop\cmpr 131\gitfolder\cmpr131-group-work\projects\main\assignment13\assignment13\assignment13\debug\assignment13.tlog\cl.read.1.tlog
c:\users\itz\desktop\cmpr 131\gitfolder\cmpr131-group-work\projects\main\assignment13\assignment13\assignment13\debug\assignment13.tlog\cl.write.1.tlog
c:\users\itz\desktop\cmpr 131\gitfolder\cmpr131-group-work\projects\main\assignment13\assignment13\assignment13\debug\assignment13.tlog\link.command.1.tlog
c:\users\itz\desktop\cmpr 131\gitfolder\cmpr131-group-work\projects\main\assignment13\assignment13\assignment13\debug\assignment13.tlog\link.delete.1.tlog
c:\users\itz\desktop\cmpr 131\gitfolder\cmpr131-group-work\projects\main\assignment13\assignment13\assignment13\debug\assignment13.tlog\link.read.1.tlog
c:\users\itz\desktop\cmpr 131\gitfolder\cmpr131-group-work\projects\main\assignment13\assignment13\assignment13\debug\assignment13.tlog\link.write.1.tlog
